Apr 23, 2022 3:51:52 PM edu.duke.ece568.utils.Logger write
INFO: WorldCommunicator: 207.246.90.49
Apr 23, 2022 3:52:15 PM edu.duke.ece568.utils.Logger write
INFO: RECV Message from Amazon: shipping_request {
  location {
    warehouseid: 1
    x: 1
    y: 1
  }
  shipment {
    package_id: 2
    dest_x: 3
    dest_y: 4
    emailaddress: "xg73@duke.edu"
    product {
      description: "Apple"
      count: 2
    }
    product {
      description: "Banananana"
      count: 1
    }
  }
  shipment {
    package_id: 1
    dest_x: 1
    dest_y: 1
    emailaddress: "pad128g@icloud.com"
    product {
      description: "Apple"
      count: 2
    }
  }
  seqnum: 1
}

Apr 23, 2022 3:52:15 PM edu.duke.ece568.utils.Logger write
INFO: Dealing with Shipping Request;
Apr 23, 2022 3:52:15 PM edu.duke.ece568.utils.Logger write
INFO: INSERT INTO public.ups_awarehouse VALUES (1, 1, 1);
Apr 23, 2022 3:52:15 PM edu.duke.ece568.utils.Logger write
INFO: ERROR: duplicate key value violates unique constraint "ups_awarehouse_pkey"
  Detail: Key ("WareHouseID")=(1) already exists.
Apr 23, 2022 3:52:15 PM edu.duke.ece568.utils.Logger write
INFO: INSERT INTO public.ups_ticket VALUES (Default, true, 1) RETURNING "id";
Apr 23, 2022 3:52:15 PM edu.duke.ece568.utils.Logger write
INFO: send to: truck_id: 3
seqnum: 2

Apr 23, 2022 3:52:15 PM edu.duke.ece568.utils.Logger write
INFO: Send Message: 
shipping_response {
  truck_id: 3
  seqnum: 2
}

Apr 23, 2022 3:52:15 PM edu.duke.ece568.utils.Logger write
INFO: Send Message: 
pickups {
  truckid: 3
  whid: 1
  seqnum: 3
}

Apr 23, 2022 3:52:15 PM edu.duke.ece568.utils.Logger write
INFO: RECV Message from Amazon: acks: 2

Apr 23, 2022 3:52:17 PM edu.duke.ece568.utils.Logger write
INFO: Send Message: 
pickups {
  truckid: 3
  whid: 1
  seqnum: 3
}

Apr 23, 2022 3:52:21 PM edu.duke.ece568.utils.Logger write
INFO: RECV Message from World: completions {
  truckid: 3
  x: 3
  y: 3
  status: "ARRIVE WAREHOUSE"
  seqnum: 3
}
acks: 3

Apr 23, 2022 3:52:21 PM edu.duke.ece568.utils.Logger write
INFO: Receive ufinished from truck x:3, y: 3, "Status": ARRIVE WAREHOUSE

Apr 23, 2022 3:52:21 PM edu.duke.ece568.utils.Logger write
INFO: UPDATE ups_truck SET x = 3, y = 3, "Status" = 'ARRIVE WAREHOUSE' WHERE "TruckID" = 3;
Apr 23, 2022 3:52:21 PM edu.duke.ece568.utils.Logger write
INFO: Send Message: 
arrived {
  truck_id: 3
  seqnum: 4
}

Apr 23, 2022 3:52:21 PM edu.duke.ece568.utils.Logger write
INFO: RECV Message from Amazon: acks: 4

